<?xml version="1.0" encoding="UTF-8"?>
<testsuite xmlns:xsi="http://www.w3.org/2001/XMLSchema-instance" xsi:noNamespaceSchemaLocation="https://maven.apache.org/surefire/maven-surefire-plugin/xsd/surefire-test-report.xsd" name="com.flipkart.AppTest" time="0.023" tests="1" errors="0" skipped="0" failures="0">
  <properties>
    <property name="sun.desktop" value="windows"/>
    <property name="awt.toolkit" value="sun.awt.windows.WToolkit"/>
    <property name="file.encoding.pkg" value="sun.io"/>
    <property name="java.specification.version" value="1.8"/>
    <property name="sun.cpu.isalist" value="amd64"/>
    <property name="sun.jnu.encoding" value="Cp1252"/>
    <property name="java.class.path" value="C:\Users\Nihan\Webappflipkart\target\test-classes;C:\Users\Nihan\Webappflipkart\target\classes;C:\Users\Nihan\.m2\repository\junit\junit\4.11\junit-4.11.jar;C:\Users\Nihan\.m2\repository\org\hamcrest\hamcrest-core\1.3\hamcrest-core-1.3.jar;C:\Users\Nihan\.m2\repository\org\webjars\npm\mysql\2.18.1\mysql-2.18.1.jar;C:\Users\Nihan\.m2\repository\org\webjars\npm\bignumber.js\9.0.0\bignumber.js-9.0.0.jar;C:\Users\Nihan\.m2\repository\org\webjars\npm\readable-stream\2.3.7\readable-stream-2.3.7.jar;C:\Users\Nihan\.m2\repository\org\webjars\npm\core-util-is\1.0.3\core-util-is-1.0.3.jar;C:\Users\Nihan\.m2\repository\org\webjars\npm\util-deprecate\1.0.2\util-deprecate-1.0.2.jar;C:\Users\Nihan\.m2\repository\org\webjars\npm\inherits\2.0.4\inherits-2.0.4.jar;C:\Users\Nihan\.m2\repository\org\webjars\npm\string_decoder\1.1.1\string_decoder-1.1.1.jar;C:\Users\Nihan\.m2\repository\org\webjars\npm\process-nextick-args\2.0.1\process-nextick-args-2.0.1.jar;C:\Users\Nihan\.m2\repository\org\webjars\npm\isarray\1.0.0\isarray-1.0.0.jar;C:\Users\Nihan\.m2\repository\org\webjars\npm\safe-buffer\5.1.2\safe-buffer-5.1.2.jar;C:\Users\Nihan\.m2\repository\org\webjars\npm\sqlstring\2.3.1\sqlstring-2.3.1.jar;"/>
    <property name="java.vm.vendor" value="Oracle Corporation"/>
    <property name="sun.arch.data.model" value="64"/>
    <property name="user.variant" value=""/>
    <property name="java.vendor.url" value="http://java.oracle.com/"/>
    <property name="user.timezone" value="Asia/Calcutta"/>
    <property name="java.vm.specification.version" value="1.8"/>
    <property name="os.name" value="Windows 10"/>
    <property name="user.country" value="IN"/>
    <property name="sun.java.launcher" value="SUN_STANDARD"/>
    <property name="sun.boot.library.path" value="C:\Program Files\Java\jdk1.8.0_202\jre\bin"/>
    <property name="sun.java.command" value="C:\Users\Nihan\AppData\Local\Temp\surefire5287315745067076774\surefirebooter5333048844953152329.jar C:\Users\Nihan\AppData\Local\Temp\surefire5287315745067076774 2023-01-27T11-37-50_824-jvmRun1 surefire1231934114729936644tmp surefire_08252349377028836796tmp"/>
    <property name="surefire.test.class.path" value="C:\Users\Nihan\Webappflipkart\target\test-classes;C:\Users\Nihan\Webappflipkart\target\classes;C:\Users\Nihan\.m2\repository\junit\junit\4.11\junit-4.11.jar;C:\Users\Nihan\.m2\repository\org\hamcrest\hamcrest-core\1.3\hamcrest-core-1.3.jar;C:\Users\Nihan\.m2\repository\org\webjars\npm\mysql\2.18.1\mysql-2.18.1.jar;C:\Users\Nihan\.m2\repository\org\webjars\npm\bignumber.js\9.0.0\bignumber.js-9.0.0.jar;C:\Users\Nihan\.m2\repository\org\webjars\npm\readable-stream\2.3.7\readable-stream-2.3.7.jar;C:\Users\Nihan\.m2\repository\org\webjars\npm\core-util-is\1.0.3\core-util-is-1.0.3.jar;C:\Users\Nihan\.m2\repository\org\webjars\npm\util-deprecate\1.0.2\util-deprecate-1.0.2.jar;C:\Users\Nihan\.m2\repository\org\webjars\npm\inherits\2.0.4\inherits-2.0.4.jar;C:\Users\Nihan\.m2\repository\org\webjars\npm\string_decoder\1.1.1\string_decoder-1.1.1.jar;C:\Users\Nihan\.m2\repository\org\webjars\npm\process-nextick-args\2.0.1\process-nextick-args-2.0.1.jar;C:\Users\Nihan\.m2\repository\org\webjars\npm\isarray\1.0.0\isarray-1.0.0.jar;C:\Users\Nihan\.m2\repository\org\webjars\npm\safe-buffer\5.1.2\safe-buffer-5.1.2.jar;C:\Users\Nihan\.m2\repository\org\webjars\npm\sqlstring\2.3.1\sqlstring-2.3.1.jar;"/>
    <property name="sun.cpu.endian" value="little"/>
    <property name="user.home" value="C:\Users\Nihan"/>
    <property name="user.language" value="en"/>
    <property name="java.specification.vendor" value="Oracle Corporation"/>
    <property name="java.home" value="C:\Program Files\Java\jdk1.8.0_202\jre"/>
    <property name="basedir" value="C:\Users\Nihan\Webappflipkart"/>
    <property name="file.separator" value="\"/>
    <property name="line.separator" value="&#10;"/>
    <property name="java.vm.specification.vendor" value="Oracle Corporation"/>
    <property name="java.specification.name" value="Java Platform API Specification"/>
    <property name="java.awt.graphicsenv" value="sun.awt.Win32GraphicsEnvironment"/>
    <property name="surefire.real.class.path" value="C:\Users\Nihan\AppData\Local\Temp\surefire5287315745067076774\surefirebooter5333048844953152329.jar"/>
    <property name="sun.boot.class.path" value="C:\Program Files\Java\jdk1.8.0_202\jre\lib\resources.jar;C:\Program Files\Java\jdk1.8.0_202\jre\lib\rt.jar;C:\Program Files\Java\jdk1.8.0_202\jre\lib\sunrsasign.jar;C:\Program Files\Java\jdk1.8.0_202\jre\lib\jsse.jar;C:\Program Files\Java\jdk1.8.0_202\jre\lib\jce.jar;C:\Program Files\Java\jdk1.8.0_202\jre\lib\charsets.jar;C:\Program Files\Java\jdk1.8.0_202\jre\lib\jfr.jar;C:\Program Files\Java\jdk1.8.0_202\jre\classes"/>
    <property name="user.script" value=""/>
    <property name="sun.management.compiler" value="HotSpot 64-Bit Tiered Compilers"/>
    <property name="java.runtime.version" value="1.8.0_202-b08"/>
    <property name="user.name" value="Nihan"/>
    <property name="path.separator" value=";"/>
    <property name="os.version" value="10.0"/>
    <property name="java.endorsed.dirs" value="C:\Program Files\Java\jdk1.8.0_202\jre\lib\endorsed"/>
    <property name="java.runtime.name" value="Java(TM) SE Runtime Environment"/>
    <property name="file.encoding" value="Cp1252"/>
    <property name="java.vm.name" value="Java HotSpot(TM) 64-Bit Server VM"/>
    <property name="localRepository" value="C:\Users\Nihan\.m2\repository"/>
    <property name="java.vendor.url.bug" value="http://bugreport.sun.com/bugreport/"/>
    <property name="java.io.tmpdir" value="C:\Users\Nihan\AppData\Local\Temp\"/>
    <property name="java.version" value="1.8.0_202"/>
    <property name="user.dir" value="C:\Users\Nihan\Webappflipkart"/>
    <property name="os.arch" value="amd64"/>
    <property name="java.vm.specification.name" value="Java Virtual Machine Specification"/>
    <property name="java.awt.printerjob" value="sun.awt.windows.WPrinterJob"/>
    <property name="sun.os.patch.level" value=""/>
    <property name="java.library.path" value="C:\Program Files\Java\jdk1.8.0_202\jre\bin;C:\WINDOWS\Sun\Java\bin;C:\WINDOWS\system32;C:\WINDOWS;C:\Program Files (x86)\Common Files\Oracle\Java\javapath;C:\Program Files (x86)\Microsoft SDKs\Azure\CLI2\wbin;C:\WINDOWS\system32;C:\WINDOWS;C:\WINDOWS\System32\Wbem;C:\WINDOWS\System32\WindowsPowerShell\v1.0\;C:\WINDOWS\System32\OpenSSH\;C:\Program Files\PuTTY\;C:\Program Files\Git\cmd;C:\Users\Nihan\AppData\Local\Microsoft\WindowsApps;C:\Users\Nihan\AppData\Local\Programs\Microsoft VS Code\bin;C:\Program Files\Java\jdk1.8.0_202\bin;C:\Users\Nihan\Downloads\apache-maven-3.8.7-bin\apache-maven-3.8.7\bin;;."/>
    <property name="java.vm.info" value="mixed mode"/>
    <property name="java.vendor" value="Oracle Corporation"/>
    <property name="java.vm.version" value="25.202-b08"/>
    <property name="java.ext.dirs" value="C:\Program Files\Java\jdk1.8.0_202\jre\lib\ext;C:\WINDOWS\Sun\Java\lib\ext"/>
    <property name="sun.io.unicode.encoding" value="UnicodeLittle"/>
    <property name="java.class.version" value="52.0"/>
  </properties>
  <testcase name="shouldAnswerWithTrue" classname="com.flipkart.AppTest" time="0.002"/>
</testsuite>